<?xml version="1.0" encoding="UTF-8"?>
<testsuite xmlns:xsi="http://www.w3.org/2001/XMLSchema-instance" xsi:noNamespaceSchemaLocation="https://maven.apache.org/surefire/maven-surefire-plugin/xsd/surefire-test-report.xsd" name="com.ldj.demo.TestMybatis" time="8.994" tests="6" errors="0" skipped="0" failures="0">
  <properties>
[...]
</properties>
  <testcase name="testMail" classname="com.ldj.demo.TestMybatis" time="6.082"/>
  <testcase name="testTime" classname="com.ldj.demo.TestMybatis" time="0.002"/>
  <testcase name="TestMapsQuery" classname="com.ldj.demo.TestMybatis" time="0.024"/>
  <testcase name="TestInsert" classname="com.ldj.demo.TestMybatis" time="0.653"/>
  <testcase name="Testquery" classname="com.ldj.demo.TestMybatis" time="0.505"/>
  <testcase name="TestMapquery" classname="com.ldj.demo.TestMybatis" time="0.001"/>
</testsuite>